<?xml version="1.0" encoding="UTF-8"?>
<!-- Generated by org.testng.reporters.JUnitReportReporter -->
<testsuite hostname="DESKTOP-9B6E1NU" failures="0" tests="6" name="testCases.TC003_AssetPageTest" time="6.883" errors="0" timestamp="2025-03-11T10:11:33 IST" skipped="2">
  <testcase classname="testCases.TC003_AssetPageTest" name="validateDashboardMetrics" time="3.387"/>
  <testcase classname="testCases.TC003_AssetPageTest" name="validateSearchFunctionality" time="1.713"/>
  <testcase classname="testCases.TC003_AssetPageTest" name="validateExportExcel" time="0.849"/>
  <testcase classname="testCases.TC003_AssetPageTest" name="validateCreateNewAssetPage" time="0.934"/>
  <testcase classname="testCases.TC003_AssetPageTest" name="changePagination">
    <skipped/>
  </testcase> <!-- changePagination -->
  <testcase classname="testCases.TC003_AssetPageTest" name="filterByCategory">
    <skipped/>
  </testcase> <!-- filterByCategory -->
</testsuite> <!-- testCases.TC003_AssetPageTest -->
