<?xml version="1.0" encoding="UTF-8"?>
<!-- Generated by org.testng.reporters.JUnitReportReporter -->
<testsuite hostname="DESKTOP-9B6E1NU" failures="0" tests="1" name="testCases.TC001_LoginTest" time="0.218" errors="0" timestamp="2025-08-16T10:08:27 IST" skipped="0">
  <testcase classname="testCases.TC001_LoginTest" name="verify_login" time="0.218"/>
</testsuite> <!-- testCases.TC001_LoginTest -->
