<?xml version="1.0" encoding="UTF-8"?>
<!-- Generated by org.testng.reporters.JUnitReportReporter -->
<testsuite hostname="DESKTOP-9B6E1NU" failures="0" tests="1" name="testCases.TC004_AddAssetTest" time="19.830" errors="0" timestamp="2025-03-11T10:11:33 IST" skipped="0">
  <testcase classname="testCases.TC004_AddAssetTest" name="verify_add_new_asset" time="19.830"/>
</testsuite> <!-- testCases.TC004_AddAssetTest -->
