<?xml version="1.0" encoding="UTF-8"?>
<!-- Generated by org.testng.reporters.JUnitReportReporter -->
<testsuite hostname="DESKTOP-9B6E1NU" failures="0" tests="1" name="testCases.TC006_AddLeaseTest" time="23.918" errors="0" timestamp="2025-03-11T10:11:33 IST" skipped="0">
  <testcase classname="testCases.TC006_AddLeaseTest" name="verify_add_new_lease" time="23.918"/>
</testsuite> <!-- testCases.TC006_AddLeaseTest -->
