<?xml version="1.0" encoding="UTF-8"?>
<!-- Generated by org.testng.reporters.JUnitReportReporter -->
<testsuite hostname="DESKTOP-9B6E1NU" failures="0" tests="1" name="testCases.TC002_LoginTest" time="0.074" errors="0" timestamp="2025-03-19T11:00:37 IST" skipped="0">
  <testcase classname="testCases.TC002_LoginTest" name="verify_login" time="0.074"/>
</testsuite> <!-- testCases.TC002_LoginTest -->
