<?xml version="1.0" encoding="UTF-8"?>
<!-- Generated by org.testng.reporters.JUnitReportReporter -->
<testsuite hostname="DESKTOP-9B6E1NU" failures="0" tests="1" name="testCases.TC007_AddNewOperatorTest" time="14.606" errors="0" timestamp="2025-03-11T10:11:33 IST" skipped="0">
  <testcase classname="testCases.TC007_AddNewOperatorTest" name="verify_add_new_operator" time="14.606"/>
</testsuite> <!-- testCases.TC007_AddNewOperatorTest -->
