<?xml version="1.0" encoding="UTF-8"?>
<!-- Generated by org.testng.reporters.JUnitReportReporter -->
<testsuite hostname="DESKTOP-9B6E1NU" failures="0" tests="1" name="testCases.TC003_AddAssetTest" time="27.588" errors="0" timestamp="2025-08-16T13:55:02 IST" skipped="0">
  <testcase classname="testCases.TC003_AddAssetTest" name="verify_add_new_asset" time="27.588"/>
</testsuite> <!-- testCases.TC003_AddAssetTest -->
