<?xml version="1.0" encoding="UTF-8"?>
<!-- Generated by org.testng.reporters.JUnitReportReporter -->
<testsuite hostname="DESKTOP-9B6E1NU" failures="0" tests="1" name="testCases.TC004_AddAssetTest" time="27.706" errors="0" timestamp="2025-08-03T16:54:14 IST" skipped="0">
  <testcase classname="testCases.TC004_AddAssetTest" name="verify_add_new_asset" time="27.706"/>
</testsuite> <!-- testCases.TC004_AddAssetTest -->
